AndroidApp/app/build/intermediates/manifest_merge_blame_file/debug/manifest-merger-blame-debug-report.txt
1<?xml version="1.0" encoding="utf-8"?>
2<manifest xmlns:android="http://schemas.android.com/apk/res/android"
3    package="feri.si.weatherapp"
4    android:versionCode="1"
5    android:versionName="1.0" >
6
7    <uses-sdk
8        android:minSdkVersion="24"
9        android:targetSdkVersion="34" />
10
11    <uses-feature android:name="android.hardware.camera.any" />
11-->src/main/AndroidManifest.xml:5:5-64
11-->src/main/AndroidManifest.xml:5:19-61
12
13    <uses-permission android:name="android.permission.CAMERA" />
13-->src/main/AndroidManifest.xml:7:5-65
13-->src/main/AndroidManifest.xml:7:22-62
14    <uses-permission android:name="android.permission.POST_NOTIFICATIONS" />
14-->src/main/AndroidManifest.xml:8:5-77
14-->src/main/AndroidManifest.xml:8:22-74
15    <uses-permission android:name="android.permission.RECORD_AUDIO" />
15-->src/main/AndroidManifest.xml:9:5-71
15-->src/main/AndroidManifest.xml:9:22-68
16    <uses-permission
16-->src/main/AndroidManifest.xml:10:5-12:38
17        android:name="android.permission.WRITE_EXTERNAL_STORAGE"
17-->src/main/AndroidManifest.xml:11:9-65
18        android:maxSdkVersion="28" />
18-->src/main/AndroidManifest.xml:12:9-35
19    <uses-permission android:name="android.permission.ACCESS_FINE_LOCATION" />
19-->src/main/AndroidManifest.xml:13:5-79
19-->src/main/AndroidManifest.xml:13:22-76
20    <uses-permission android:name="android.permission.ACCESS_COARSE_LOCATION" />
20-->src/main/AndroidManifest.xml:14:5-81
20-->src/main/AndroidManifest.xml:14:22-78
21    <uses-permission android:name="android.permission.INTERNET" />
21-->src/main/AndroidManifest.xml:15:5-67
21-->src/main/AndroidManifest.xml:15:22-64
22
23    <queries>
23-->[com.github.dhaval2404:imagepicker:2.1] AndroidManifest.xml:9:5-19:15
24
25        <!-- Query Camera Packages -->
26        <intent>
26-->[com.github.dhaval2404:imagepicker:2.1] AndroidManifest.xml:12:9-14:18
27            <action android:name="android.media.action.IMAGE_CAPTURE" />
27-->[com.github.dhaval2404:imagepicker:2.1] AndroidManifest.xml:13:13-73
27-->[com.github.dhaval2404:imagepicker:2.1] AndroidManifest.xml:13:21-70
28        </intent>
29        <!-- Query Open Document -->
30        <intent>
30-->[com.github.dhaval2404:imagepicker:2.1] AndroidManifest.xml:16:9-18:18
31            <action android:name="android.intent.action.OPEN_DOCUMENT_TREE" />
31-->[com.github.dhaval2404:imagepicker:2.1] AndroidManifest.xml:17:13-79
31-->[com.github.dhaval2404:imagepicker:2.1] AndroidManifest.xml:17:21-76
32        </intent>
33        <intent>
33-->[androidx.camera:camera-extensions:1.2.1] AndroidManifest.xml:23:9-25:18
34            <action android:name="androidx.camera.extensions.action.VENDOR_ACTION" />
34-->[androidx.camera:camera-extensions:1.2.1] AndroidManifest.xml:24:13-86
34-->[androidx.camera:camera-extensions:1.2.1] AndroidManifest.xml:24:21-83
35        </intent>
36    </queries>
37
38    <permission
38-->[androidx.core:core:1.9.0] AndroidManifest.xml:22:5-24:47
39        android:name="feri.si.weatherapp.DYNAMIC_RECEIVER_NOT_EXPORTED_PERMISSION"
39-->[androidx.core:core:1.9.0] AndroidManifest.xml:23:9-81
40        android:protectionLevel="signature" />
40-->[androidx.core:core:1.9.0] AndroidManifest.xml:24:9-44
41
42    <uses-permission android:name="feri.si.weatherapp.DYNAMIC_RECEIVER_NOT_EXPORTED_PERMISSION" />
42-->[androidx.core:core:1.9.0] AndroidManifest.xml:26:5-97
42-->[androidx.core:core:1.9.0] AndroidManifest.xml:26:22-94
43    <uses-permission android:name="android.permission.ACCESS_NETWORK_STATE" />
43-->[org.chromium.net:cronet-api:72.3626.96] AndroidManifest.xml:20:5-78
43-->[org.chromium.net:cronet-api:72.3626.96] AndroidManifest.xml:20:22-76
44
45    <application
45-->src/main/AndroidManifest.xml:17:5-57:19
46        android:name="feri.si.weatherapp.MyApplication"
46-->src/main/AndroidManifest.xml:18:9-38
47        android:allowBackup="true"
47-->src/main/AndroidManifest.xml:19:9-35
48        android:appComponentFactory="androidx.core.app.CoreComponentFactory"
48-->[androidx.core:core:1.9.0] AndroidManifest.xml:28:18-86
49        android:dataExtractionRules="@xml/data_extraction_rules"
49-->src/main/AndroidManifest.xml:20:9-65
50        android:debuggable="true"
51        android:extractNativeLibs="false"
52        android:fullBackupContent="@xml/backup_rules"
52-->src/main/AndroidManifest.xml:21:9-54
53        android:icon="@mipmap/ic_launcher"
53-->src/main/AndroidManifest.xml:22:9-43
54        android:label="@string/app_name"
54-->src/main/AndroidManifest.xml:23:9-41
55        android:roundIcon="@mipmap/ic_launcher_round"
55-->src/main/AndroidManifest.xml:24:9-54
56        android:supportsRtl="true"
56-->src/main/AndroidManifest.xml:25:9-35
57        android:testOnly="true"
58        android:theme="@style/Theme.MyApplication"
58-->src/main/AndroidManifest.xml:26:9-51
59        android:usesCleartextTraffic="true" >
59-->src/main/AndroidManifest.xml:27:9-44
60        <activity
60-->src/main/AndroidManifest.xml:29:9-31:40
61            android:name="feri.si.weatherapp.RecyclerView"
61-->src/main/AndroidManifest.xml:30:13-41
62            android:exported="false" />
62-->src/main/AndroidManifest.xml:31:13-37
63        <activity
63-->src/main/AndroidManifest.xml:32:9-34:40
64            android:name="feri.si.weatherapp.InputActivity"
64-->src/main/AndroidManifest.xml:33:13-42
65            android:exported="false" />
65-->src/main/AndroidManifest.xml:34:13-37
66        <activity
66-->src/main/AndroidManifest.xml:35:9-37:40
67            android:name="feri.si.weatherapp.ImageSelectActivity"
67-->src/main/AndroidManifest.xml:36:13-48
68            android:exported="false" />
68-->src/main/AndroidManifest.xml:37:13-37
69        <activity
69-->src/main/AndroidManifest.xml:38:9-40:40
70            android:name="feri.si.weatherapp.CameraActivity"
70-->src/main/AndroidManifest.xml:39:13-43
71            android:exported="false" />
71-->src/main/AndroidManifest.xml:40:13-37
72        <activity
72-->src/main/AndroidManifest.xml:41:9-43:40
73            android:name="feri.si.weatherapp.LiveCameraActivity"
73-->src/main/AndroidManifest.xml:42:13-47
74            android:exported="false" />
74-->src/main/AndroidManifest.xml:43:13-37
75        <activity
75-->src/main/AndroidManifest.xml:44:9-52:20
76            android:name="feri.si.weatherapp.MainActivity"
76-->src/main/AndroidManifest.xml:45:13-41
77            android:exported="true" >
77-->src/main/AndroidManifest.xml:46:13-36
78            <intent-filter>
78-->src/main/AndroidManifest.xml:47:13-51:29
79                <action android:name="android.intent.action.MAIN" />
79-->src/main/AndroidManifest.xml:48:17-69
79-->src/main/AndroidManifest.xml:48:25-66
80
81                <category android:name="android.intent.category.LAUNCHER" />
81-->src/main/AndroidManifest.xml:50:17-77
81-->src/main/AndroidManifest.xml:50:27-74
82            </intent-filter>
83        </activity>
84
85        <meta-data
85-->src/main/AndroidManifest.xml:54:9-56:63
86            android:name="MAP_API"
86-->src/main/AndroidManifest.xml:55:13-35
87            android:value="401e38402be44e059c0213014241701" />
87-->src/main/AndroidManifest.xml:56:13-60
88
89        <activity
89-->[com.github.dhaval2404:imagepicker:2.1] AndroidManifest.xml:22:9-25:68
90            android:name="com.github.dhaval2404.imagepicker.ImagePickerActivity"
90-->[com.github.dhaval2404:imagepicker:2.1] AndroidManifest.xml:23:13-81
91            android:screenOrientation="unspecified"
91-->[com.github.dhaval2404:imagepicker:2.1] AndroidManifest.xml:24:13-52
92            android:theme="@style/Theme.Transparent.ImagePicker" />
92-->[com.github.dhaval2404:imagepicker:2.1] AndroidManifest.xml:25:13-65
93        <activity
93-->[com.github.dhaval2404:imagepicker:2.1] AndroidManifest.xml:26:9-29:72
94            android:name="com.yalantis.ucrop.UCropActivity"
94-->[com.github.dhaval2404:imagepicker:2.1] AndroidManifest.xml:27:13-60
95            android:screenOrientation="portrait"
95-->[com.github.dhaval2404:imagepicker:2.1] AndroidManifest.xml:28:13-49
96            android:theme="@style/Theme.AppCompat.Light.NoActionBar" />
96-->[com.github.dhaval2404:imagepicker:2.1] AndroidManifest.xml:29:13-69
97
98        <provider
98-->[com.github.dhaval2404:imagepicker:2.1] AndroidManifest.xml:31:9-39:20
99            android:name="com.github.dhaval2404.imagepicker.ImagePickerFileProvider"
99-->[com.github.dhaval2404:imagepicker:2.1] AndroidManifest.xml:32:13-85
100            android:authorities="feri.si.weatherapp.imagepicker.provider"
100-->[com.github.dhaval2404:imagepicker:2.1] AndroidManifest.xml:33:13-72
101            android:exported="false"
101-->[com.github.dhaval2404:imagepicker:2.1] AndroidManifest.xml:34:13-37
102            android:grantUriPermissions="true" >
102-->[com.github.dhaval2404:imagepicker:2.1] AndroidManifest.xml:35:13-47
103            <meta-data
103-->[com.github.dhaval2404:imagepicker:2.1] AndroidManifest.xml:36:13-38:71
104                android:name="android.support.FILE_PROVIDER_PATHS"
104-->[com.github.dhaval2404:imagepicker:2.1] AndroidManifest.xml:37:17-67
105                android:resource="@xml/image_picker_provider_paths" />
105-->[com.github.dhaval2404:imagepicker:2.1] AndroidManifest.xml:38:17-68
106        </provider>
107
108        <activity
108-->[com.google.android.gms:play-services-base:18.0.1] AndroidManifest.xml:20:9-22:45
109            android:name="com.google.android.gms.common.api.GoogleApiActivity"
109-->[com.google.android.gms:play-services-base:18.0.1] AndroidManifest.xml:20:19-85
110            android:exported="false"
110-->[com.google.android.gms:play-services-base:18.0.1] AndroidManifest.xml:22:19-43
111            android:theme="@android:style/Theme.Translucent.NoTitleBar" />
111-->[com.google.android.gms:play-services-base:18.0.1] AndroidManifest.xml:21:19-78
112
113        <meta-data
113-->[com.google.android.gms:play-services-basement:18.0.0] AndroidManifest.xml:21:9-23:69
114            android:name="com.google.android.gms.version"
114-->[com.google.android.gms:play-services-basement:18.0.0] AndroidManifest.xml:22:13-58
115            android:value="@integer/google_play_services_version" />
115-->[com.google.android.gms:play-services-basement:18.0.0] AndroidManifest.xml:23:13-66
116
117        <uses-library
117-->[androidx.camera:camera-extensions:1.2.1] AndroidManifest.xml:29:9-31:40
118            android:name="androidx.camera.extensions.impl"
118-->[androidx.camera:camera-extensions:1.2.1] AndroidManifest.xml:30:13-59
119            android:required="false" />
119-->[androidx.camera:camera-extensions:1.2.1] AndroidManifest.xml:31:13-37
120
121        <service
121-->[androidx.camera:camera-camera2:1.2.1] AndroidManifest.xml:24:9-33:19
122            android:name="androidx.camera.core.impl.MetadataHolderService"
122-->[androidx.camera:camera-camera2:1.2.1] AndroidManifest.xml:25:13-75
123            android:enabled="false"
123-->[androidx.camera:camera-camera2:1.2.1] AndroidManifest.xml:26:13-36
124            android:exported="false" >
124-->[androidx.camera:camera-camera2:1.2.1] AndroidManifest.xml:27:13-37
125            <meta-data
125-->[androidx.camera:camera-camera2:1.2.1] AndroidManifest.xml:30:13-32:89
126                android:name="androidx.camera.core.impl.MetadataHolderService.DEFAULT_CONFIG_PROVIDER"
126-->[androidx.camera:camera-camera2:1.2.1] AndroidManifest.xml:31:17-103
127                android:value="androidx.camera.camera2.Camera2Config$DefaultProvider" />
127-->[androidx.camera:camera-camera2:1.2.1] AndroidManifest.xml:32:17-86
128        </service>
129
130        <provider
130-->[androidx.emoji2:emoji2:1.2.0] AndroidManifest.xml:24:9-32:20
131            android:name="androidx.startup.InitializationProvider"
131-->[androidx.emoji2:emoji2:1.2.0] AndroidManifest.xml:25:13-67
132            android:authorities="feri.si.weatherapp.androidx-startup"
132-->[androidx.emoji2:emoji2:1.2.0] AndroidManifest.xml:26:13-68
133            android:exported="false" >
133-->[androidx.emoji2:emoji2:1.2.0] AndroidManifest.xml:27:13-37
134            <meta-data
134-->[androidx.emoji2:emoji2:1.2.0] AndroidManifest.xml:29:13-31:52
135                android:name="androidx.emoji2.text.EmojiCompatInitializer"
135-->[androidx.emoji2:emoji2:1.2.0] AndroidManifest.xml:30:17-75
136                android:value="androidx.startup" />
136-->[androidx.emoji2:emoji2:1.2.0] AndroidManifest.xml:31:17-49
137            <meta-data
137-->[androidx.lifecycle:lifecycle-process:2.6.1] AndroidManifest.xml:29:13-31:52
138                android:name="androidx.lifecycle.ProcessLifecycleInitializer"
138-->[androidx.lifecycle:lifecycle-process:2.6.1] AndroidManifest.xml:30:17-78
139                android:value="androidx.startup" />
139-->[androidx.lifecycle:lifecycle-process:2.6.1] AndroidManifest.xml:31:17-49
140            <meta-data
140-->[androidx.profileinstaller:profileinstaller:1.3.0] AndroidManifest.xml:29:13-31:52
141                android:name="androidx.profileinstaller.ProfileInstallerInitializer"
141-->[androidx.profileinstaller:profileinstaller:1.3.0] AndroidManifest.xml:30:17-85
142                android:value="androidx.startup" />
142-->[androidx.profileinstaller:profileinstaller:1.3.0] AndroidManifest.xml:31:17-49
143        </provider>
144
145        <receiver
145-->[androidx.profileinstaller:profileinstaller:1.3.0] AndroidManifest.xml:34:9-52:20
146            android:name="androidx.profileinstaller.ProfileInstallReceiver"
146-->[androidx.profileinstaller:profileinstaller:1.3.0] AndroidManifest.xml:35:13-76
147            android:directBootAware="false"
147-->[androidx.profileinstaller:profileinstaller:1.3.0] AndroidManifest.xml:36:13-44
148            android:enabled="true"
148-->[androidx.profileinstaller:profileinstaller:1.3.0] AndroidManifest.xml:37:13-35
149            android:exported="true"
149-->[androidx.profileinstaller:profileinstaller:1.3.0] AndroidManifest.xml:38:13-36
150            android:permission="android.permission.DUMP" >
150-->[androidx.profileinstaller:profileinstaller:1.3.0] AndroidManifest.xml:39:13-57
151            <intent-filter>
151-->[androidx.profileinstaller:profileinstaller:1.3.0] AndroidManifest.xml:40:13-42:29
152                <action android:name="androidx.profileinstaller.action.INSTALL_PROFILE" />
152-->[androidx.profileinstaller:profileinstaller:1.3.0] AndroidManifest.xml:41:17-91
152-->[androidx.profileinstaller:profileinstaller:1.3.0] AndroidManifest.xml:41:25-88
153            </intent-filter>
154            <intent-filter>
154-->[androidx.profileinstaller:profileinstaller:1.3.0] AndroidManifest.xml:43:13-45:29
155                <action android:name="androidx.profileinstaller.action.SKIP_FILE" />
155-->[androidx.profileinstaller:profileinstaller:1.3.0] AndroidManifest.xml:44:17-85
155-->[androidx.profileinstaller:profileinstaller:1.3.0] AndroidManifest.xml:44:25-82
156            </intent-filter>
157            <intent-filter>
157-->[androidx.profileinstaller:profileinstaller:1.3.0] AndroidManifest.xml:46:13-48:29
158                <action android:name="androidx.profileinstaller.action.SAVE_PROFILE" />
158-->[androidx.profileinstaller:profileinstaller:1.3.0] AndroidManifest.xml:47:17-88
158-->[androidx.profileinstaller:profileinstaller:1.3.0] AndroidManifest.xml:47:25-85
159            </intent-filter>
160            <intent-filter>
160-->[androidx.profileinstaller:profileinstaller:1.3.0] AndroidManifest.xml:49:13-51:29
161                <action android:name="androidx.profileinstaller.action.BENCHMARK_OPERATION" />
161-->[androidx.profileinstaller:profileinstaller:1.3.0] AndroidManifest.xml:50:17-95
161-->[androidx.profileinstaller:profileinstaller:1.3.0] AndroidManifest.xml:50:25-92
162            </intent-filter>
163        </receiver>
164    </application>
165
166</manifest>